{"/home/tomek/Workshop/projects/zuzel.in-client/src/components/Label/Label.tsx": {"path":"/home/tomek/Workshop/projects/zuzel.in-client/src/components/Label/Label.tsx","statementMap":{"0":{"start":{"line":2,"column":0},"end":{"line":2,"column":46}},"1":{"start":{"line":18,"column":21},"end":{"line":65,"column":null}},"2":{"start":{"line":19,"column":17},"end":{"line":65,"column":null}},"3":{"start":{"line":68,"column":30},"end":{"line":83,"column":1}},"4":{"start":{"line":75,"column":13},"end":{"line":77,"column":8}},"5":{"start":{"line":78,"column":2},"end":{"line":82,"column":4}},"6":{"start":{"line":85,"column":0},"end":{"line":85,"column":21}}},"fnMap":{"0":{"name":"(anonymous_0)","decl":{"start":{"line":19,"column":2},"end":{"line":19,"column":3}},"loc":{"start":{"line":19,"column":17},"end":{"line":65,"column":null}}},"1":{"name":"(anonymous_1)","decl":{"start":{"line":68,"column":30},"end":{"line":68,"column":31}},"loc":{"start":{"line":74,"column":5},"end":{"line":83,"column":1}}}},"branchMap":{"0":{"loc":{"start":{"line":70,"column":2},"end":{"line":70,"column":21}},"type":"default-arg","locations":[{"start":{"line":70,"column":10},"end":{"line":70,"column":21}}]},"1":{"loc":{"start":{"line":75,"column":13},"end":{"line":77,"column":8}},"type":"cond-expr","locations":[{"start":{"line":76,"column":6},"end":{"line":76,"column":74}},{"start":{"line":77,"column":6},"end":{"line":77,"column":8}}]}},"s":{"0":1,"1":1,"2":2,"3":1,"4":2,"5":2,"6":1},"f":{"0":2,"1":2},"b":{"0":[1],"1":[1,1]}}
,"/home/tomek/Workshop/projects/zuzel.in-client/src/components/Scrollbar/Scrollbar.tsx": {"path":"/home/tomek/Workshop/projects/zuzel.in-client/src/components/Scrollbar/Scrollbar.tsx","statementMap":{"0":{"start":{"line":2,"column":0},"end":{"line":2,"column":55}},"1":{"start":{"line":9,"column":38},"end":{"line":11,"column":1}},"2":{"start":{"line":10,"column":2},"end":{"line":10,"column":54}},"3":{"start":{"line":13,"column":0},"end":{"line":13,"column":25}}},"fnMap":{"0":{"name":"(anonymous_0)","decl":{"start":{"line":9,"column":38},"end":{"line":9,"column":39}},"loc":{"start":{"line":9,"column":55},"end":{"line":11,"column":1}}}},"branchMap":{},"s":{"0":1,"1":1,"2":1,"3":1},"f":{"0":1},"b":{}}
,"/home/tomek/Workshop/projects/zuzel.in-client/src/components/SuspenseLoader/SuspenseLoader.tsx": {"path":"/home/tomek/Workshop/projects/zuzel.in-client/src/components/SuspenseLoader/SuspenseLoader.tsx","statementMap":{"0":{"start":{"line":1,"column":0},"end":{"line":1,"column":34}},"1":{"start":{"line":2,"column":0},"end":{"line":2,"column":34}},"2":{"start":{"line":3,"column":0},"end":{"line":3,"column":54}},"3":{"start":{"line":6,"column":2},"end":{"line":12,"column":9}},"4":{"start":{"line":7,"column":4},"end":{"line":7,"column":22}},"5":{"start":{"line":9,"column":4},"end":{"line":11,"column":6}},"6":{"start":{"line":10,"column":6},"end":{"line":10,"column":23}},"7":{"start":{"line":14,"column":2},"end":{"line":29,"column":4}},"8":{"start":{"line":32,"column":0},"end":{"line":32,"column":30}}},"fnMap":{"0":{"name":"SuspenseLoader","decl":{"start":{"line":5,"column":9},"end":{"line":5,"column":23}},"loc":{"start":{"line":5,"column":23},"end":{"line":30,"column":1}}},"1":{"name":"(anonymous_2)","decl":{"start":{"line":6,"column":12},"end":{"line":6,"column":15}},"loc":{"start":{"line":6,"column":17},"end":{"line":12,"column":3}}},"2":{"name":"(anonymous_3)","decl":{"start":{"line":9,"column":11},"end":{"line":9,"column":14}},"loc":{"start":{"line":9,"column":16},"end":{"line":11,"column":5}}}},"branchMap":{},"s":{"0":1,"1":1,"2":1,"3":1,"4":1,"5":1,"6":1,"7":1,"8":1},"f":{"0":1,"1":1,"2":1},"b":{}}
,"/home/tomek/Workshop/projects/zuzel.in-client/src/theme/default.tsx": {"path":"/home/tomek/Workshop/projects/zuzel.in-client/src/theme/default.tsx","statementMap":{"0":{"start":{"line":1,"column":0},"end":{"line":1,"column":35}},"1":{"start":{"line":2,"column":0},"end":{"line":2,"column":59}},"2":{"start":{"line":3,"column":0},"end":{"line":3,"column":null}},"3":{"start":{"line":10,"column":21},"end":{"line":16,"column":2}},"4":{"start":{"line":14,"column":29},"end":{"line":14,"column":34}},"5":{"start":{"line":15,"column":2},"end":{"line":15,"column":55}},"6":{"start":{"line":18,"column":20},"end":{"line":29,"column":2}},"7":{"start":{"line":31,"column":15},"end":{"line":126,"column":2}},"8":{"start":{"line":128,"column":14},"end":{"line":1224,"column":2}},"9":{"start":{"line":1226,"column":0},"end":{"line":1226,"column":21}}},"fnMap":{"0":{"name":"(anonymous_0)","decl":{"start":{"line":13,"column":2},"end":{"line":13,"column":3}},"loc":{"start":{"line":13,"column":17},"end":{"line":16,"column":1}}}},"branchMap":{},"s":{"0":1,"1":1,"2":1,"3":1,"4":0,"5":0,"6":1,"7":1,"8":1,"9":1},"f":{"0":0},"b":{}}
}
