TN:
SF:src/components/Label/Label.tsx
FN:19,(anonymous_0)
FN:68,(anonymous_1)
FNF:2
FNH:2
FNDA:2,(anonymous_0)
FNDA:2,(anonymous_1)
DA:2,1
DA:18,1
DA:19,2
DA:68,1
DA:75,2
DA:78,2
DA:85,1
LF:7
LH:7
BRDA:70,0,0,1
BRDA:75,1,0,1
BRDA:75,1,1,1
BRF:3
BRH:3
end_of_record
TN:
SF:src/components/Scrollbar/Scrollbar.tsx
FN:9,(anonymous_0)
FNF:1
FNH:1
FNDA:1,(anonymous_0)
DA:2,1
DA:9,1
DA:10,1
DA:13,1
LF:4
LH:4
BRF:0
BRH:0
end_of_record
TN:
SF:src/components/SuspenseLoader/SuspenseLoader.tsx
FN:5,SuspenseLoader
FN:6,(anonymous_2)
FN:9,(anonymous_3)
FNF:3
FNH:3
FNDA:1,SuspenseLoader
FNDA:1,(anonymous_2)
FNDA:1,(anonymous_3)
DA:1,1
DA:2,1
DA:3,1
DA:6,1
DA:7,1
DA:9,1
DA:10,1
DA:14,1
DA:32,1
LF:9
LH:9
BRF:0
BRH:0
end_of_record
TN:
SF:src/theme/default.tsx
FN:13,(anonymous_0)
FNF:1
FNH:0
FNDA:0,(anonymous_0)
DA:1,1
DA:2,1
DA:3,1
DA:10,1
DA:14,0
DA:15,0
DA:18,1
DA:31,1
DA:128,1
DA:1226,1
LF:10
LH:8
BRF:0
BRH:0
end_of_record
